<?xml version="1.0" encoding="UTF-8"?>
<!-- Generated by org.testng.reporters.JUnitReportReporter -->
<testsuite skipped="0" hostname="Marifats-MacBook-Pro.local" name="com.prestashop.tests.contactus.CallUsTest" tests="2" failures="0" timestamp="07 Mar 2018 00:13:08 GMT" time="0.749" errors="0">
  <testcase name="callUsTest" time="0.430" classname="com.prestashop.tests.contactus.CallUsTest"/>
  <testcase name="getAllPricesTest" time="0.319" classname="com.prestashop.tests.contactus.CallUsTest"/>
</testsuite> <!-- com.prestashop.tests.contactus.CallUsTest -->
