<?xml version="1.0" encoding="UTF-8"?>
<!-- Generated by org.testng.reporters.JUnitReportReporter -->
<testsuite skipped="0" hostname="Marifats-MacBook-Pro.local" name="com.amazonAWS.tests.MonthlyBillTest" tests="1" failures="0" timestamp="07 Mar 2018 00:58:38 GMT" time="1.226" errors="0">
  <testcase name="monthlyBillTesting" time="1.226" classname="com.amazonAWS.tests.MonthlyBillTest"/>
</testsuite> <!-- com.amazonAWS.tests.MonthlyBillTest -->
